  tinyxml2.cpp
  crc32.cpp
  main.cpp
c:\users\conner harkness\desktop\aamp converter\aamp converter\src\main.cpp(83): warning C4244: 'initializing': conversion from 'std::streamoff' to 'int', possible loss of data
c:\users\conner harkness\desktop\aamp converter\aamp converter\src\main.cpp(140): warning C4244: '=': conversion from 'std::streamoff' to 'int', possible loss of data
c:\users\conner harkness\desktop\aamp converter\aamp converter\src\main.cpp(152): warning C4244: 'initializing': conversion from 'std::streamoff' to 'int', possible loss of data
c:\users\conner harkness\desktop\aamp converter\aamp converter\src\main.cpp(173): warning C4244: 'initializing': conversion from 'std::streamoff' to 'int', possible loss of data
c:\users\conner harkness\desktop\aamp converter\aamp converter\src\main.cpp(210): warning C4244: 'initializing': conversion from 'std::streamoff' to 'int', possible loss of data
c:\users\conner harkness\desktop\aamp converter\aamp converter\src\main.cpp(232): warning C4244: 'initializing': conversion from 'std::streamoff' to 'int', possible loss of data
  to_aamp.cpp
c:\users\conner harkness\desktop\aamp converter\aamp converter\src\to_aamp.cpp(55): warning C4244: 'initializing': conversion from 'std::streamoff' to 'int', possible loss of data
c:\users\conner harkness\desktop\aamp converter\aamp converter\src\to_aamp.cpp(65): warning C4244: 'initializing': conversion from 'std::streamoff' to 'int', possible loss of data
c:\users\conner harkness\desktop\aamp converter\aamp converter\src\to_aamp.cpp(75): warning C4244: 'initializing': conversion from 'std::streamoff' to 'int', possible loss of data
c:\users\conner harkness\desktop\aamp converter\aamp converter\src\to_aamp.cpp(85): warning C4244: 'initializing': conversion from 'std::streamoff' to 'int', possible loss of data
c:\users\conner harkness\desktop\aamp converter\aamp converter\src\to_aamp.cpp(129): warning C4018: '<': signed/unsigned mismatch
c:\users\conner harkness\desktop\aamp converter\aamp converter\src\to_aamp.cpp(147): warning C4244: 'initializing': conversion from 'std::streamoff' to 'int', possible loss of data
c:\users\conner harkness\desktop\aamp converter\aamp converter\src\to_aamp.cpp(279): warning C4244: 'initializing': conversion from 'std::streamoff' to 'int', possible loss of data
c:\users\conner harkness\desktop\aamp converter\aamp converter\src\to_aamp.cpp(379): warning C4244: 'initializing': conversion from 'std::streamoff' to 'int', possible loss of data
  Generating Code...
  Aamp Converter.vcxproj -> C:\Users\Conner Harkness\Desktop\Aamp Converter\Aamp Converter\bin\Debug\aamp.exe
